[2020-03-21 15:47:24] [info] Start Program:
Path:"C:\\Users\\adria\\OneDrive\\Desktop\\Faculta\\OOP\\Laborator\\lab2-4\\Debug\\lab2-4.exe"
Arguments:
Working directory: "C:\\Users\\adria\\OneDrive\\Desktop\\Faculta\\OOP\\Laborator\\lab2-4\\lab2-4\\"
Modules: Selected: C:\Users\adria\OneDrive\Desktop\Faculta\OOP\Laborator\lab2-4\Debug\lab2-4.exe Excluded: 
Sources: Selected: C:\Users\adria\OneDrive\Desktop\Faculta\OOP\Laborator\lab2-4\lab2-4 Excluded: 
Log Level: Normal
Cover Children: 0
Aggregate by file: 1
Continue after C++ exception: 0
Optimized build support: 0
Export: binary C:\Users\adria\AppData\Local\Temp\gueybrtk.dne 
Input coverage: 
Unified diff: 
Excluded line regular expressions: 
Substitute pdb source paths: 

[2020-03-21 15:47:24] [info] Module: C:\Users\adria\OneDrive\Desktop\Faculta\OOP\Laborator\lab2-4\Debug\lab2-4.exe is selected because it matches selected pattern: C:\Users\adria\OneDrive\Desktop\Faculta\OOP\Laborator\lab2-4\Debug\lab2-4.exe
[2020-03-21 15:47:24] [info] ----------------------------------------------------
[2020-03-21 15:47:24] [info] Coverage binary generated in file: C:\Users\adria\AppData\Local\Temp\gueybrtk.dne
[2020-03-21 15:47:24] [info] ----------------------------------------------------
